<?xml version="1.0" encoding="UTF-8"?>
<testsuite name="com.kshpart.www.springboot.web.HelloControllerTest" tests="2" skipped="0" failures="0" errors="0" timestamp="2020-03-24T17:33:25" hostname="DESKTOP-A3HIO5U" time="0.764">
  <properties/>
  <testcase name="hello가_리턴된다" classname="com.kshpart.www.springboot.web.HelloControllerTest" time="0.574"/>
  <testcase name="helloDto가_리턴된다" classname="com.kshpart.www.springboot.web.HelloControllerTest" time="0.189"/>
  <system-out><![CDATA[02:33:18.858 [Test worker] DEBUG org.springframework.test.context.junit4.SpringJUnit4ClassRunner - SpringJUnit4ClassRunner constructor called with [class com.kshpart.www.springboot.web.HelloControllerTest]
02:33:18.877 [Test worker] DEBUG org.springframework.test.context.BootstrapUtils - Instantiating CacheAwareContextLoaderDelegate from class [org.springframework.test.context.cache.DefaultCacheAwareContextLoaderDelegate]
02:33:18.897 [Test worker] DEBUG org.springframework.test.context.BootstrapUtils - Instantiating BootstrapContext using constructor [public org.springframework.test.context.support.DefaultBootstrapContext(java.lang.Class,org.springframework.test.context.CacheAwareContextLoaderDelegate)]
02:33:18.935 [Test worker] DEBUG org.springframework.test.context.BootstrapUtils - Instantiating TestContextBootstrapper for test class [com.kshpart.www.springboot.web.HelloControllerTest] from class [org.springframework.boot.test.autoconfigure.web.servlet.WebMvcTestContextBootstrapper]
02:33:18.977 [Test worker] INFO org.springframework.boot.test.autoconfigure.web.servlet.WebMvcTestContextBootstrapper - Neither @ContextConfiguration nor @ContextHierarchy found for test class [com.kshpart.www.springboot.web.HelloControllerTest], using SpringBootContextLoader
02:33:18.984 [Test worker] DEBUG org.springframework.test.context.support.AbstractContextLoader - Did not detect default resource location for test class [com.kshpart.www.springboot.web.HelloControllerTest]: class path resource [com/kshpart/www/springboot/web/HelloControllerTest-context.xml] does not exist
02:33:18.985 [Test worker] DEBUG org.springframework.test.context.support.AbstractContextLoader - Did not detect default resource location for test class [com.kshpart.www.springboot.web.HelloControllerTest]: class path resource [com/kshpart/www/springboot/web/HelloControllerTestContext.groovy] does not exist
02:33:18.986 [Test worker] INFO org.springframework.test.context.support.AbstractContextLoader - Could not detect default resource locations for test class [com.kshpart.www.springboot.web.HelloControllerTest]: no resource found for suffixes {-context.xml, Context.groovy}.
02:33:18.987 [Test worker] INFO org.springframework.test.context.support.AnnotationConfigContextLoaderUtils - Could not detect default configuration classes for test class [com.kshpart.www.springboot.web.HelloControllerTest]: HelloControllerTest does not declare any static, non-private, non-final, nested classes annotated with @Configuration.
02:33:19.162 [Test worker] DEBUG org.springframework.test.context.support.ActiveProfilesUtils - Could not find an 'annotation declaring class' for annotation type [org.springframework.test.context.ActiveProfiles] and class [com.kshpart.www.springboot.web.HelloControllerTest]
02:33:19.387 [Test worker] DEBUG org.springframework.context.annotation.ClassPathScanningCandidateComponentProvider - Identified candidate component class: file [C:\Users\pc\test_springboot_webservice\build\classes\java\test\com\kshpart\www\springboot\Application.class]
02:33:19.403 [Test worker] DEBUG org.springframework.context.annotation.ClassPathScanningCandidateComponentProvider - Identified candidate component class: file [C:\Users\pc\test_springboot_webservice\build\classes\java\main\com\kshpart\www\springboot\Application.class]
02:33:19.406 [Test worker] INFO org.springframework.boot.test.context.SpringBootTestContextBootstrapper - Found @SpringBootConfiguration com.kshpart.www.springboot.Application for test class com.kshpart.www.springboot.web.HelloControllerTest
02:33:19.411 [Test worker] DEBUG org.springframework.boot.test.autoconfigure.web.servlet.WebMvcTestContextBootstrapper - @TestExecutionListeners is not present for class [com.kshpart.www.springboot.web.HelloControllerTest]: using defaults.
02:33:19.413 [Test worker] INFO org.springframework.boot.test.autoconfigure.web.servlet.WebMvcTestContextBootstrapper - Loaded default TestExecutionListener class names from location [META-INF/spring.factories]: [org.springframework.security.test.context.support.WithSecurityContextTestExecutionListener, org.springframework.security.test.context.support.ReactorContextTestExecutionListener, org.springframework.boot.test.autoconfigure.restdocs.RestDocsTestExecutionListener, org.springframework.boot.test.autoconfigure.web.client.MockRestServiceServerResetTestExecutionListener, org.springframework.boot.test.autoconfigure.web.servlet.MockMvcPrintOnlyOnFailureTestExecutionListener, org.springframework.boot.test.autoconfigure.web.servlet.WebDriverTestExecutionListener, org.springframework.boot.test.mock.mockito.MockitoTestExecutionListener, org.springframework.boot.test.mock.mockito.ResetMocksTestExecutionListener, org.springframework.test.context.web.ServletTestExecutionListener, org.springframework.test.context.support.DirtiesContextBeforeModesTestExecutionListener, org.springframework.test.context.support.DependencyInjectionTestExecutionListener, org.springframework.test.context.support.DirtiesContextTestExecutionListener, org.springframework.test.context.transaction.TransactionalTestExecutionListener, org.springframework.test.context.jdbc.SqlScriptsTestExecutionListener]
02:33:19.476 [Test worker] INFO org.springframework.boot.test.autoconfigure.web.servlet.WebMvcTestContextBootstrapper - Using TestExecutionListeners: [org.springframework.test.context.web.ServletTestExecutionListener@36cc4893, org.springframework.test.context.support.DirtiesContextBeforeModesTestExecutionListener@6ba5c56a, org.springframework.boot.test.mock.mockito.MockitoTestExecutionListener@438a0b77, org.springframework.boot.test.autoconfigure.SpringBootDependencyInjectionTestExecutionListener@dd7fac2, org.springframework.test.context.support.DirtiesContextTestExecutionListener@590ba33b, org.springframework.test.context.transaction.TransactionalTestExecutionListener@1cc0b3e5, org.springframework.test.context.jdbc.SqlScriptsTestExecutionListener@f02d2b9, org.springframework.security.test.context.support.WithSecurityContextTestExecutionListener@3db13871, org.springframework.security.test.context.support.ReactorContextTestExecutionListener@39a74687, org.springframework.boot.test.autoconfigure.restdocs.RestDocsTestExecutionListener@20e195cd, org.springframework.boot.test.autoconfigure.web.client.MockRestServiceServerResetTestExecutionListener@396f0c72, org.springframework.boot.test.autoconfigure.web.servlet.MockMvcPrintOnlyOnFailureTestExecutionListener@d29d99e, org.springframework.boot.test.autoconfigure.web.servlet.WebDriverTestExecutionListener@e3925c2, org.springframework.boot.test.mock.mockito.ResetMocksTestExecutionListener@22da9635]
02:33:19.484 [Test worker] DEBUG org.springframework.test.annotation.ProfileValueUtils - Retrieved @ProfileValueSourceConfiguration [null] for test class [com.kshpart.www.springboot.web.HelloControllerTest]
02:33:19.486 [Test worker] DEBUG org.springframework.test.annotation.ProfileValueUtils - Retrieved ProfileValueSource type [class org.springframework.test.annotation.SystemProfileValueSource] for class [com.kshpart.www.springboot.web.HelloControllerTest]
02:33:19.487 [Test worker] DEBUG org.springframework.test.annotation.ProfileValueUtils - Retrieved @ProfileValueSourceConfiguration [null] for test class [com.kshpart.www.springboot.web.HelloControllerTest]
02:33:19.488 [Test worker] DEBUG org.springframework.test.annotation.ProfileValueUtils - Retrieved ProfileValueSource type [class org.springframework.test.annotation.SystemProfileValueSource] for class [com.kshpart.www.springboot.web.HelloControllerTest]
02:33:19.498 [Test worker] DEBUG org.springframework.test.context.support.AbstractDirtiesContextTestExecutionListener - Before test class: context [DefaultTestContext@7f209f9 testClass = HelloControllerTest, testInstance = [null], testMethod = [null], testException = [null], mergedContextConfiguration = [WebMergedContextConfiguration@863b079 testClass = HelloControllerTest, locations = '{}', classes = '{class com.kshpart.www.springboot.Application}', contextInitializerClasses = '[]', activeProfiles = '{}', propertySourceLocations = '{}', propertySourceProperties = '{org.springframework.boot.test.autoconfigure.web.servlet.WebMvcTestContextBootstrapper=true}', contextCustomizers = set[org.springframework.boot.test.autoconfigure.OverrideAutoConfigurationContextCustomizerFactory$DisableAutoConfigurationContextCustomizer@758bfa73, org.springframework.boot.test.autoconfigure.filter.TypeExcludeFiltersContextCustomizer@9960e533, org.springframework.boot.test.autoconfigure.properties.PropertyMappingContextCustomizer@e6c54b37, org.springframework.boot.test.autoconfigure.web.servlet.WebDriverContextCustomizerFactory$Customizer@70a2212f, [ImportsContextCustomizer@1d266727 key = [org.springframework.boot.autoconfigure.cache.CacheAutoConfiguration, org.springframework.boot.autoconfigure.context.MessageSourceAutoConfiguration, org.springframework.boot.autoconfigure.data.web.SpringDataWebAutoConfiguration, org.springframework.boot.autoconfigure.freemarker.FreeMarkerAutoConfiguration, org.springframework.boot.autoconfigure.groovy.template.GroovyTemplateAutoConfiguration, org.springframework.boot.autoconfigure.gson.GsonAutoConfiguration, org.springframework.boot.autoconfigure.hateoas.HypermediaAutoConfiguration, org.springframework.boot.autoconfigure.http.HttpMessageConvertersAutoConfiguration, org.springframework.boot.autoconfigure.jackson.JacksonAutoConfiguration, org.springframework.boot.autoconfigure.jsonb.JsonbAutoConfiguration, org.springframework.boot.autoconfigure.mustache.MustacheAutoConfiguration, org.springframework.boot.autoconfigure.task.TaskExecutionAutoConfiguration, org.springframework.boot.autoconfigure.thymeleaf.ThymeleafAutoConfiguration, org.springframework.boot.autoconfigure.validation.ValidationAutoConfiguration, org.springframework.boot.autoconfigure.web.servlet.error.ErrorMvcAutoConfiguration, org.springframework.boot.autoconfigure.web.servlet.WebMvcAutoConfiguration, org.springframework.boot.test.autoconfigure.web.servlet.MockMvcAutoConfiguration, org.springframework.boot.test.autoconfigure.web.servlet.MockMvcSecurityAutoConfiguration, org.springframework.boot.test.autoconfigure.web.servlet.MockMvcWebClientAutoConfiguration, org.springframework.boot.test.autoconfigure.web.servlet.MockMvcWebDriverAutoConfiguration]], org.springframework.boot.test.context.filter.ExcludeFilterContextCustomizer@32b7e21c, org.springframework.boot.test.json.DuplicateJsonObjectContextCustomizerFactory$DuplicateJsonObjectContextCustomizer@11ab09b, org.springframework.boot.test.mock.mockito.MockitoContextCustomizer@0], resourceBasePath = 'src/main/webapp', contextLoader = 'org.springframework.boot.test.context.SpringBootContextLoader', parent = [null]], attributes = map[[empty]]], class annotated with @DirtiesContext [false] with mode [null].
02:33:19.500 [Test worker] DEBUG org.springframework.test.annotation.ProfileValueUtils - Retrieved @ProfileValueSourceConfiguration [null] for test class [com.kshpart.www.springboot.web.HelloControllerTest]
02:33:19.500 [Test worker] DEBUG org.springframework.test.annotation.ProfileValueUtils - Retrieved ProfileValueSource type [class org.springframework.test.annotation.SystemProfileValueSource] for class [com.kshpart.www.springboot.web.HelloControllerTest]
02:33:19.509 [Test worker] DEBUG org.springframework.test.context.support.DependencyInjectionTestExecutionListener - Performing dependency injection for test context [[DefaultTestContext@7f209f9 testClass = HelloControllerTest, testInstance = com.kshpart.www.springboot.web.HelloControllerTest@b0a9b68, testMethod = [null], testException = [null], mergedContextConfiguration = [WebMergedContextConfiguration@863b079 testClass = HelloControllerTest, locations = '{}', classes = '{class com.kshpart.www.springboot.Application}', contextInitializerClasses = '[]', activeProfiles = '{}', propertySourceLocations = '{}', propertySourceProperties = '{org.springframework.boot.test.autoconfigure.web.servlet.WebMvcTestContextBootstrapper=true}', contextCustomizers = set[org.springframework.boot.test.autoconfigure.OverrideAutoConfigurationContextCustomizerFactory$DisableAutoConfigurationContextCustomizer@758bfa73, org.springframework.boot.test.autoconfigure.filter.TypeExcludeFiltersContextCustomizer@9960e533, org.springframework.boot.test.autoconfigure.properties.PropertyMappingContextCustomizer@e6c54b37, org.springframework.boot.test.autoconfigure.web.servlet.WebDriverContextCustomizerFactory$Customizer@70a2212f, [ImportsContextCustomizer@1d266727 key = [org.springframework.boot.autoconfigure.cache.CacheAutoConfiguration, org.springframework.boot.autoconfigure.context.MessageSourceAutoConfiguration, org.springframework.boot.autoconfigure.data.web.SpringDataWebAutoConfiguration, org.springframework.boot.autoconfigure.freemarker.FreeMarkerAutoConfiguration, org.springframework.boot.autoconfigure.groovy.template.GroovyTemplateAutoConfiguration, org.springframework.boot.autoconfigure.gson.GsonAutoConfiguration, org.springframework.boot.autoconfigure.hateoas.HypermediaAutoConfiguration, org.springframework.boot.autoconfigure.http.HttpMessageConvertersAutoConfiguration, org.springframework.boot.autoconfigure.jackson.JacksonAutoConfiguration, org.springframework.boot.autoconfigure.jsonb.JsonbAutoConfiguration, org.springframework.boot.autoconfigure.mustache.MustacheAutoConfiguration, org.springframework.boot.autoconfigure.task.TaskExecutionAutoConfiguration, org.springframework.boot.autoconfigure.thymeleaf.ThymeleafAutoConfiguration, org.springframework.boot.autoconfigure.validation.ValidationAutoConfiguration, org.springframework.boot.autoconfigure.web.servlet.error.ErrorMvcAutoConfiguration, org.springframework.boot.autoconfigure.web.servlet.WebMvcAutoConfiguration, org.springframework.boot.test.autoconfigure.web.servlet.MockMvcAutoConfiguration, org.springframework.boot.test.autoconfigure.web.servlet.MockMvcSecurityAutoConfiguration, org.springframework.boot.test.autoconfigure.web.servlet.MockMvcWebClientAutoConfiguration, org.springframework.boot.test.autoconfigure.web.servlet.MockMvcWebDriverAutoConfiguration]], org.springframework.boot.test.context.filter.ExcludeFilterContextCustomizer@32b7e21c, org.springframework.boot.test.json.DuplicateJsonObjectContextCustomizerFactory$DuplicateJsonObjectContextCustomizer@11ab09b, org.springframework.boot.test.mock.mockito.MockitoContextCustomizer@0], resourceBasePath = 'src/main/webapp', contextLoader = 'org.springframework.boot.test.context.SpringBootContextLoader', parent = [null]], attributes = map[[empty]]]].
02:33:19.782 [Test worker] DEBUG org.springframework.test.context.support.TestPropertySourceUtils - Adding inlined properties to environment: {spring.jmx.enabled=false, org.springframework.boot.test.autoconfigure.web.servlet.WebMvcTestContextBootstrapper=true, server.port=-1}

  .   ____          _            __ _ _
 /\\ / ___'_ __ _ _(_)_ __  __ _ \ \ \ \
( ( )\___ | '_ | '_| | '_ \/ _` | \ \ \ \
 \\/  ___)| |_)| | | | | || (_| |  ) ) ) )
  '  |____| .__|_| |_|_| |_\__, | / / / /
 =========|_|==============|___/=/_/_/_/
 :: Spring Boot ::        (v2.1.9.RELEASE)

2020-03-25 02:33:20.420  INFO 25400 --- [    Test worker] c.k.w.s.web.HelloControllerTest          : Starting HelloControllerTest on DESKTOP-A3HIO5U with PID 25400 (started by pc in C:\Users\pc\test_springboot_webservice)
2020-03-25 02:33:20.432  INFO 25400 --- [    Test worker] c.k.w.s.web.HelloControllerTest          : No active profile set, falling back to default profiles: default
2020-03-25 02:33:23.527  INFO 25400 --- [    Test worker] o.s.s.concurrent.ThreadPoolTaskExecutor  : Initializing ExecutorService 'applicationTaskExecutor'
2020-03-25 02:33:23.709  INFO 25400 --- [    Test worker] o.s.b.a.w.s.WelcomePageHandlerMapping    : Adding welcome page template: index
2020-03-25 02:33:24.461  INFO 25400 --- [    Test worker] .s.s.UserDetailsServiceAutoConfiguration : 

Using generated security password: 9d2c1133-186b-44cb-ae38-9eeead188e6c

2020-03-25 02:33:25.046  INFO 25400 --- [    Test worker] o.s.s.web.DefaultSecurityFilterChain     : Creating filter chain: any request, [org.springframework.security.web.context.request.async.WebAsyncManagerIntegrationFilter@1d59fefe, org.springframework.security.web.context.SecurityContextPersistenceFilter@7e2929a8, org.springframework.security.web.header.HeaderWriterFilter@11b640e7, org.springframework.security.web.csrf.CsrfFilter@416688ba, org.springframework.security.web.authentication.logout.LogoutFilter@59e80485, org.springframework.security.web.authentication.UsernamePasswordAuthenticationFilter@c00307f, org.springframework.security.web.authentication.ui.DefaultLoginPageGeneratingFilter@13c23ef3, org.springframework.security.web.authentication.ui.DefaultLogoutPageGeneratingFilter@5b64b3f5, org.springframework.security.web.authentication.www.BasicAuthenticationFilter@162fbf0c, org.springframework.security.web.savedrequest.RequestCacheAwareFilter@5d3ff7d3, org.springframework.security.web.servletapi.SecurityContextHolderAwareRequestFilter@142a352d, org.springframework.security.web.authentication.AnonymousAuthenticationFilter@3e03316b, org.springframework.security.web.session.SessionManagementFilter@2fd5cf07, org.springframework.security.web.access.ExceptionTranslationFilter@2d8f8acd, org.springframework.security.web.access.intercept.FilterSecurityInterceptor@1a6fd2a3]
2020-03-25 02:33:25.135  INFO 25400 --- [    Test worker] o.s.b.t.m.w.SpringBootMockServletContext : Initializing Spring TestDispatcherServlet ''
2020-03-25 02:33:25.135  INFO 25400 --- [    Test worker] o.s.t.web.servlet.TestDispatcherServlet  : Initializing Servlet ''
2020-03-25 02:33:25.167  INFO 25400 --- [    Test worker] o.s.t.web.servlet.TestDispatcherServlet  : Completed initialization in 32 ms
2020-03-25 02:33:25.272  INFO 25400 --- [    Test worker] c.k.w.s.web.HelloControllerTest          : Started HelloControllerTest in 5.473 seconds (JVM running for 10.012)
]]></system-out>
  <system-err><![CDATA[]]></system-err>
</testsuite>
