<?xml version="1.0" encoding="UTF-8"?>
<testsuite name="com.kshpart.www.springboot.domain.posts.PostsRepositoryTest" tests="2" skipped="0" failures="0" errors="0" timestamp="2020-03-24T17:33:35" hostname="DESKTOP-A3HIO5U" time="0.51">
  <properties/>
  <testcase name="load_board" classname="com.kshpart.www.springboot.domain.posts.PostsRepositoryTest" time="0.486"/>
  <testcase name="BaseTimeEntity_enroll" classname="com.kshpart.www.springboot.domain.posts.PostsRepositoryTest" time="0.021"/>
  <system-out><![CDATA[2020-03-25 02:33:26.065  INFO 25400 --- [    Test worker] .b.t.c.SpringBootTestContextBootstrapper : Neither @ContextConfiguration nor @ContextHierarchy found for test class [com.kshpart.www.springboot.domain.posts.PostsRepositoryTest], using SpringBootContextLoader
2020-03-25 02:33:26.067  INFO 25400 --- [    Test worker] o.s.t.c.support.AbstractContextLoader    : Could not detect default resource locations for test class [com.kshpart.www.springboot.domain.posts.PostsRepositoryTest]: no resource found for suffixes {-context.xml, Context.groovy}.
2020-03-25 02:33:26.068  INFO 25400 --- [    Test worker] t.c.s.AnnotationConfigContextLoaderUtils : Could not detect default configuration classes for test class [com.kshpart.www.springboot.domain.posts.PostsRepositoryTest]: PostsRepositoryTest does not declare any static, non-private, non-final, nested classes annotated with @Configuration.
2020-03-25 02:33:26.106  INFO 25400 --- [    Test worker] .b.t.c.SpringBootTestContextBootstrapper : Found @SpringBootConfiguration com.kshpart.www.springboot.Application for test class com.kshpart.www.springboot.domain.posts.PostsRepositoryTest
2020-03-25 02:33:26.110  INFO 25400 --- [    Test worker] .b.t.c.SpringBootTestContextBootstrapper : Loaded default TestExecutionListener class names from location [META-INF/spring.factories]: [org.springframework.security.test.context.support.WithSecurityContextTestExecutionListener, org.springframework.security.test.context.support.ReactorContextTestExecutionListener, org.springframework.boot.test.autoconfigure.restdocs.RestDocsTestExecutionListener, org.springframework.boot.test.autoconfigure.web.client.MockRestServiceServerResetTestExecutionListener, org.springframework.boot.test.autoconfigure.web.servlet.MockMvcPrintOnlyOnFailureTestExecutionListener, org.springframework.boot.test.autoconfigure.web.servlet.WebDriverTestExecutionListener, org.springframework.boot.test.mock.mockito.MockitoTestExecutionListener, org.springframework.boot.test.mock.mockito.ResetMocksTestExecutionListener, org.springframework.test.context.web.ServletTestExecutionListener, org.springframework.test.context.support.DirtiesContextBeforeModesTestExecutionListener, org.springframework.test.context.support.DependencyInjectionTestExecutionListener, org.springframework.test.context.support.DirtiesContextTestExecutionListener, org.springframework.test.context.transaction.TransactionalTestExecutionListener, org.springframework.test.context.jdbc.SqlScriptsTestExecutionListener]
2020-03-25 02:33:26.113  INFO 25400 --- [    Test worker] .b.t.c.SpringBootTestContextBootstrapper : Using TestExecutionListeners: [org.springframework.test.context.web.ServletTestExecutionListener@40b6be0, org.springframework.test.context.support.DirtiesContextBeforeModesTestExecutionListener@262c7bb6, org.springframework.boot.test.mock.mockito.MockitoTestExecutionListener@10824342, org.springframework.boot.test.autoconfigure.SpringBootDependencyInjectionTestExecutionListener@4a570d0e, org.springframework.test.context.support.DirtiesContextTestExecutionListener@15dc2bcf, org.springframework.test.context.transaction.TransactionalTestExecutionListener@50e81309, org.springframework.test.context.jdbc.SqlScriptsTestExecutionListener@5272c205, org.springframework.security.test.context.support.WithSecurityContextTestExecutionListener@203f9a38, org.springframework.security.test.context.support.ReactorContextTestExecutionListener@54495fa3, org.springframework.boot.test.autoconfigure.restdocs.RestDocsTestExecutionListener@44a97e78, org.springframework.boot.test.autoconfigure.web.client.MockRestServiceServerResetTestExecutionListener@8fee02, org.springframework.boot.test.autoconfigure.web.servlet.MockMvcPrintOnlyOnFailureTestExecutionListener@5c3d4a71, org.springframework.boot.test.autoconfigure.web.servlet.WebDriverTestExecutionListener@4297a212, org.springframework.boot.test.mock.mockito.ResetMocksTestExecutionListener@4d425e86]

  .   ____          _            __ _ _
 /\\ / ___'_ __ _ _(_)_ __  __ _ \ \ \ \
( ( )\___ | '_ | '_| | '_ \/ _` | \ \ \ \
 \\/  ___)| |_)| | | | | || (_| |  ) ) ) )
  '  |____| .__|_| |_|_| |_\__, | / / / /
 =========|_|==============|___/=/_/_/_/
 :: Spring Boot ::        (v2.1.9.RELEASE)

2020-03-25 02:33:26.200  INFO 25400 --- [    Test worker] c.k.w.s.d.posts.PostsRepositoryTest      : Starting PostsRepositoryTest on DESKTOP-A3HIO5U with PID 25400 (started by pc in C:\Users\pc\test_springboot_webservice)
2020-03-25 02:33:26.201  INFO 25400 --- [    Test worker] c.k.w.s.d.posts.PostsRepositoryTest      : No active profile set, falling back to default profiles: default
2020-03-25 02:33:27.109  INFO 25400 --- [    Test worker] .s.d.r.c.RepositoryConfigurationDelegate : Bootstrapping Spring Data repositories in DEFAULT mode.
2020-03-25 02:33:27.284  INFO 25400 --- [    Test worker] .s.d.r.c.RepositoryConfigurationDelegate : Finished Spring Data repository scanning in 155ms. Found 2 repository interfaces.
2020-03-25 02:33:27.824  INFO 25400 --- [    Test worker] trationDelegate$BeanPostProcessorChecker : Bean 'org.springframework.transaction.annotation.ProxyTransactionManagementConfiguration' of type [org.springframework.transaction.annotation.ProxyTransactionManagementConfiguration$$EnhancerBySpringCGLIB$$9de82c12] is not eligible for getting processed by all BeanPostProcessors (for example: not eligible for auto-proxying)
2020-03-25 02:33:28.211  INFO 25400 --- [    Test worker] com.zaxxer.hikari.HikariDataSource       : HikariPool-1 - Starting...
2020-03-25 02:33:28.626  INFO 25400 --- [    Test worker] com.zaxxer.hikari.HikariDataSource       : HikariPool-1 - Start completed.
2020-03-25 02:33:28.848  INFO 25400 --- [    Test worker] o.hibernate.jpa.internal.util.LogHelper  : HHH000204: Processing PersistenceUnitInfo [
	name: default
	...]
2020-03-25 02:33:29.076  INFO 25400 --- [    Test worker] org.hibernate.Version                    : HHH000412: Hibernate Core {5.3.12.Final}
2020-03-25 02:33:29.081  INFO 25400 --- [    Test worker] org.hibernate.cfg.Environment            : HHH000206: hibernate.properties not found
2020-03-25 02:33:29.278  INFO 25400 --- [    Test worker] o.hibernate.annotations.common.Version   : HCANN000001: Hibernate Commons Annotations {5.0.4.Final}
2020-03-25 02:33:29.801  INFO 25400 --- [    Test worker] org.hibernate.dialect.Dialect            : HHH000400: Using dialect: org.hibernate.dialect.MySQL55Dialect
Hibernate: drop table if exists posts
Hibernate: drop table if exists user
Hibernate: create table posts (id bigint not null auto_increment, created_date datetime, modified_date datetime, author varchar(255), content TEXT not null, title varchar(500) not null, primary key (id)) engine=InnoDB
Hibernate: create table user (id bigint not null auto_increment, created_date datetime, modified_date datetime, email varchar(255) not null, name varchar(255) not null, picture varchar(255), role varchar(255) not null, primary key (id)) engine=InnoDB
2020-03-25 02:33:31.715  INFO 25400 --- [    Test worker] o.h.t.schema.internal.SchemaCreatorImpl  : HHH000476: Executing import script 'org.hibernate.tool.schema.internal.exec.ScriptSourceInputNonExistentImpl@19095b06'
2020-03-25 02:33:31.723  INFO 25400 --- [    Test worker] j.LocalContainerEntityManagerFactoryBean : Initialized JPA EntityManagerFactory for persistence unit 'default'
2020-03-25 02:33:33.049  INFO 25400 --- [    Test worker] o.h.h.i.QueryTranslatorFactoryInitiator  : HHH000397: Using ASTQueryTranslatorFactory
2020-03-25 02:33:33.801  INFO 25400 --- [    Test worker] o.s.s.web.DefaultSecurityFilterChain     : Creating filter chain: any request, [org.springframework.security.web.context.request.async.WebAsyncManagerIntegrationFilter@430c9f71, org.springframework.security.web.context.SecurityContextPersistenceFilter@2387a9db, org.springframework.security.web.header.HeaderWriterFilter@60299802, org.springframework.security.web.authentication.logout.LogoutFilter@5d9839b7, org.springframework.security.oauth2.client.web.OAuth2AuthorizationRequestRedirectFilter@7a45080f, org.springframework.security.oauth2.client.web.OAuth2LoginAuthenticationFilter@2aed9c8b, org.springframework.security.web.authentication.ui.DefaultLoginPageGeneratingFilter@43cf9964, org.springframework.security.web.authentication.ui.DefaultLogoutPageGeneratingFilter@70960cf7, org.springframework.security.web.savedrequest.RequestCacheAwareFilter@7e7c52ed, org.springframework.security.web.servletapi.SecurityContextHolderAwareRequestFilter@52393ca8, org.springframework.security.web.authentication.AnonymousAuthenticationFilter@3659cfaa, org.springframework.security.web.session.SessionManagementFilter@1fe1c0d3, org.springframework.security.web.access.ExceptionTranslationFilter@8aab18f, org.springframework.security.web.access.intercept.FilterSecurityInterceptor@70ef2f8e]
2020-03-25 02:33:34.690  INFO 25400 --- [    Test worker] o.s.s.concurrent.ThreadPoolTaskExecutor  : Initializing ExecutorService 'applicationTaskExecutor'
2020-03-25 02:33:34.725  WARN 25400 --- [    Test worker] aWebConfiguration$JpaWebMvcConfiguration : spring.jpa.open-in-view is enabled by default. Therefore, database queries may be performed during view rendering. Explicitly configure spring.jpa.open-in-view to disable this warning
2020-03-25 02:33:34.817  INFO 25400 --- [    Test worker] o.s.b.a.w.s.WelcomePageHandlerMapping    : Adding welcome page template: index
2020-03-25 02:33:35.885  INFO 25400 --- [    Test worker] s.a.ScheduledAnnotationBeanPostProcessor : No TaskScheduler/ScheduledExecutorService bean found for scheduled processing
2020-03-25 02:33:35.900  INFO 25400 --- [    Test worker] c.k.w.s.d.posts.PostsRepositoryTest      : Started PostsRepositoryTest in 9.784 seconds (JVM running for 20.64)
Hibernate: insert into posts (created_date, modified_date, author, content, title) values (?, ?, ?, ?, ?)
Hibernate: select posts0_.id as id1_0_, posts0_.created_date as created_2_0_, posts0_.modified_date as modified3_0_, posts0_.author as author4_0_, posts0_.content as content5_0_, posts0_.title as title6_0_ from posts posts0_
Hibernate: select posts0_.id as id1_0_, posts0_.created_date as created_2_0_, posts0_.modified_date as modified3_0_, posts0_.author as author4_0_, posts0_.content as content5_0_, posts0_.title as title6_0_ from posts posts0_
Hibernate: delete from posts where id=?
Hibernate: insert into posts (created_date, modified_date, author, content, title) values (?, ?, ?, ?, ?)
Hibernate: select posts0_.id as id1_0_, posts0_.created_date as created_2_0_, posts0_.modified_date as modified3_0_, posts0_.author as author4_0_, posts0_.content as content5_0_, posts0_.title as title6_0_ from posts posts0_
>>>>>>>>> createDate=2020-03-25T02:33:36.406, modifiedDate=2020-03-25T02:33:36.406
Hibernate: select posts0_.id as id1_0_, posts0_.created_date as created_2_0_, posts0_.modified_date as modified3_0_, posts0_.author as author4_0_, posts0_.content as content5_0_, posts0_.title as title6_0_ from posts posts0_
Hibernate: delete from posts where id=?
]]></system-out>
  <system-err><![CDATA[]]></system-err>
</testsuite>
