<?xml version="1.0" encoding="UTF-8"?>
<testsuite name="com.kshpart.www.springboot.web.dto.HelloResponseDtoTest" tests="1" skipped="0" failures="0" errors="0" timestamp="2020-03-24T17:33:36" hostname="DESKTOP-A3HIO5U" time="0.011">
  <properties/>
  <testcase name="롬복_기능_테스트" classname="com.kshpart.www.springboot.web.dto.HelloResponseDtoTest" time="0.011"/>
  <system-out><![CDATA[]]></system-out>
  <system-err><![CDATA[]]></system-err>
</testsuite>
